Loading 23 scene(s): ['01', '02-003', '03-005', '03-extra', '04', '05-004', '06-005', '07-004', '08-001', '09-002', '10-003', '11-005', '12-002', '13-003', '14-004', '15-001', '16-002', '17-004', '18-003', '19-002', '20-001', '21', '22-005']
train patches: 7771, val patches: 2077
class weights: {'background': 0.45729365944862366, 'lane_line': 3.467066764831543, 'stop_line': 13.766522407531738, 'crosswalk': 2.802624464035034, 'other': 20.0}
epoch 1/80  loss=1.8710  val_mIoU=0.3457  {'background': 0.9386, 'lane_line': 0.1121, 'stop_line': 0.0805, 'crosswalk': 0.5972, 'other': 0.0}  (89.7s)
epoch 2/80  loss=1.6554  val_mIoU=0.3325  {'background': 0.9131, 'lane_line': 0.1512, 'stop_line': 0.1258, 'crosswalk': 0.4723, 'other': 0.0}  (88.6s)
epoch 3/80  loss=1.5848  val_mIoU=0.3757  {'background': 0.9334, 'lane_line': 0.1836, 'stop_line': 0.1568, 'crosswalk': 0.6044, 'other': 0.0003}  (88.8s)
epoch 4/80  loss=1.5296  val_mIoU=0.3940  {'background': 0.9507, 'lane_line': 0.1757, 'stop_line': 0.1682, 'crosswalk': 0.6752, 'other': 0.0}  (84.6s)
epoch 5/80  loss=1.4798  val_mIoU=0.4076  {'background': 0.9515, 'lane_line': 0.188, 'stop_line': 0.1921, 'crosswalk': 0.7063, 'other': 0.0}  (79.3s)
epoch 6/80  loss=1.4508  val_mIoU=0.4115  {'background': 0.947, 'lane_line': 0.2101, 'stop_line': 0.19, 'crosswalk': 0.709, 'other': 0.0012}  (79.7s)
epoch 7/80  loss=1.4364  val_mIoU=0.3977  {'background': 0.9038, 'lane_line': 0.1751, 'stop_line': 0.203, 'crosswalk': 0.7043, 'other': 0.0024}  (79.4s)
epoch 8/80  loss=1.4225  val_mIoU=0.4228  {'background': 0.9454, 'lane_line': 0.2008, 'stop_line': 0.2245, 'crosswalk': 0.7395, 'other': 0.004}  (80.2s)
epoch 9/80  loss=1.3855  val_mIoU=0.4076  {'background': 0.9346, 'lane_line': 0.2248, 'stop_line': 0.1792, 'crosswalk': 0.6955, 'other': 0.004}  (80.1s)
epoch 10/80  loss=1.3751  val_mIoU=0.4237  {'background': 0.9463, 'lane_line': 0.2368, 'stop_line': 0.2249, 'crosswalk': 0.7066, 'other': 0.0038}  (79.8s)
epoch 11/80  loss=1.3585  val_mIoU=0.4323  {'background': 0.9355, 'lane_line': 0.2245, 'stop_line': 0.2729, 'crosswalk': 0.7261, 'other': 0.0023}  (81.2s)
epoch 12/80  loss=1.3458  val_mIoU=0.4207  {'background': 0.9396, 'lane_line': 0.2282, 'stop_line': 0.1905, 'crosswalk': 0.7385, 'other': 0.0066}  (81.3s)
epoch 13/80  loss=1.3368  val_mIoU=0.4403  {'background': 0.9442, 'lane_line': 0.2478, 'stop_line': 0.2507, 'crosswalk': 0.7548, 'other': 0.004}  (82.2s)
epoch 14/80  loss=1.3168  val_mIoU=0.4355  {'background': 0.9491, 'lane_line': 0.2133, 'stop_line': 0.2945, 'crosswalk': 0.7175, 'other': 0.0033}  (80.3s)
epoch 15/80  loss=1.3088  val_mIoU=0.4150  {'background': 0.9393, 'lane_line': 0.2273, 'stop_line': 0.1816, 'crosswalk': 0.7238, 'other': 0.0028}  (90.0s)
epoch 16/80  loss=1.2953  val_mIoU=0.4515  {'background': 0.9415, 'lane_line': 0.2447, 'stop_line': 0.3014, 'crosswalk': 0.7635, 'other': 0.0065}  (90.8s)
epoch 17/80  loss=1.2913  val_mIoU=0.4464  {'background': 0.9422, 'lane_line': 0.2365, 'stop_line': 0.3056, 'crosswalk': 0.7434, 'other': 0.0043}  (90.5s)
epoch 18/80  loss=1.2733  val_mIoU=0.4344  {'background': 0.9391, 'lane_line': 0.2535, 'stop_line': 0.2198, 'crosswalk': 0.7574, 'other': 0.0022}  (90.9s)
epoch 19/80  loss=1.2716  val_mIoU=0.4545  {'background': 0.9428, 'lane_line': 0.2414, 'stop_line': 0.3157, 'crosswalk': 0.7672, 'other': 0.0051}  (89.0s)
epoch 20/80  loss=1.2598  val_mIoU=0.4363  {'background': 0.9355, 'lane_line': 0.2483, 'stop_line': 0.2684, 'crosswalk': 0.7248, 'other': 0.0046}  (91.1s)
epoch 21/80  loss=1.2577  val_mIoU=0.4545  {'background': 0.9485, 'lane_line': 0.2459, 'stop_line': 0.3137, 'crosswalk': 0.7608, 'other': 0.0033}  (90.0s)
epoch 22/80  loss=1.2438  val_mIoU=0.4450  {'background': 0.9425, 'lane_line': 0.2618, 'stop_line': 0.2799, 'crosswalk': 0.7365, 'other': 0.0042}  (91.3s)
epoch 23/80  loss=1.2387  val_mIoU=0.4620  {'background': 0.9496, 'lane_line': 0.2692, 'stop_line': 0.3226, 'crosswalk': 0.7634, 'other': 0.0052}  (89.8s)
epoch 24/80  loss=1.2280  val_mIoU=0.4493  {'background': 0.9488, 'lane_line': 0.2689, 'stop_line': 0.2643, 'crosswalk': 0.7613, 'other': 0.003}  (89.3s)
epoch 25/80  loss=1.2218  val_mIoU=0.4562  {'background': 0.9458, 'lane_line': 0.2666, 'stop_line': 0.3054, 'crosswalk': 0.7584, 'other': 0.0045}  (91.7s)
epoch 26/80  loss=1.2194  val_mIoU=0.4531  {'background': 0.9417, 'lane_line': 0.2647, 'stop_line': 0.3004, 'crosswalk': 0.754, 'other': 0.0045}  (89.4s)
epoch 27/80  loss=1.2202  val_mIoU=0.4526  {'background': 0.9392, 'lane_line': 0.2468, 'stop_line': 0.3133, 'crosswalk': 0.7588, 'other': 0.0048}  (89.2s)
epoch 28/80  loss=1.2079  val_mIoU=0.4586  {'background': 0.9481, 'lane_line': 0.2785, 'stop_line': 0.3145, 'crosswalk': 0.7469, 'other': 0.0053}  (89.4s)
epoch 29/80  loss=1.2033  val_mIoU=0.4632  {'background': 0.9434, 'lane_line': 0.2721, 'stop_line': 0.3354, 'crosswalk': 0.762, 'other': 0.0033}  (89.4s)
epoch 30/80  loss=1.1920  val_mIoU=0.4662  {'background': 0.9438, 'lane_line': 0.2667, 'stop_line': 0.3485, 'crosswalk': 0.7684, 'other': 0.0037}  (89.3s)
epoch 31/80  loss=1.1897  val_mIoU=0.4599  {'background': 0.9482, 'lane_line': 0.2715, 'stop_line': 0.3097, 'crosswalk': 0.7658, 'other': 0.0045}  (88.8s)
epoch 32/80  loss=1.1840  val_mIoU=0.4682  {'background': 0.949, 'lane_line': 0.265, 'stop_line': 0.3456, 'crosswalk': 0.7774, 'other': 0.004}  (90.0s)
epoch 33/80  loss=1.1844  val_mIoU=0.4662  {'background': 0.9475, 'lane_line': 0.2801, 'stop_line': 0.3462, 'crosswalk': 0.7516, 'other': 0.0056}  (89.8s)
epoch 34/80  loss=1.1764  val_mIoU=0.4629  {'background': 0.948, 'lane_line': 0.279, 'stop_line': 0.3373, 'crosswalk': 0.7444, 'other': 0.0058}  (89.0s)
epoch 35/80  loss=1.1733  val_mIoU=0.4616  {'background': 0.9476, 'lane_line': 0.2821, 'stop_line': 0.3089, 'crosswalk': 0.7654, 'other': 0.0038}  (89.4s)
epoch 36/80  loss=1.1600  val_mIoU=0.4648  {'background': 0.9491, 'lane_line': 0.2766, 'stop_line': 0.3272, 'crosswalk': 0.7659, 'other': 0.0051}  (89.7s)
epoch 37/80  loss=1.1559  val_mIoU=0.4612  {'background': 0.9493, 'lane_line': 0.285, 'stop_line': 0.2977, 'crosswalk': 0.7677, 'other': 0.006}  (91.1s)
epoch 38/80  loss=1.1499  val_mIoU=0.4687  {'background': 0.947, 'lane_line': 0.2775, 'stop_line': 0.3444, 'crosswalk': 0.7699, 'other': 0.0049}  (90.5s)
epoch 39/80  loss=1.1435  val_mIoU=0.4690  {'background': 0.9519, 'lane_line': 0.2903, 'stop_line': 0.3172, 'crosswalk': 0.7778, 'other': 0.0076}  (89.7s)
epoch 40/80  loss=1.1381  val_mIoU=0.4639  {'background': 0.9492, 'lane_line': 0.2853, 'stop_line': 0.3279, 'crosswalk': 0.7516, 'other': 0.0054}  (89.9s)
epoch 41/80  loss=1.1436  val_mIoU=0.4666  {'background': 0.9466, 'lane_line': 0.2811, 'stop_line': 0.3247, 'crosswalk': 0.7756, 'other': 0.0052}  (89.0s)
epoch 42/80  loss=1.1319  val_mIoU=0.4593  {'background': 0.9462, 'lane_line': 0.2821, 'stop_line': 0.2865, 'crosswalk': 0.7754, 'other': 0.0064}  (88.1s)
epoch 43/80  loss=1.1259  val_mIoU=0.4705  {'background': 0.947, 'lane_line': 0.2847, 'stop_line': 0.3357, 'crosswalk': 0.7796, 'other': 0.0055}  (89.0s)
epoch 44/80  loss=1.1272  val_mIoU=0.4609  {'background': 0.9481, 'lane_line': 0.2847, 'stop_line': 0.2987, 'crosswalk': 0.7673, 'other': 0.0057}  (88.6s)
epoch 45/80  loss=1.1225  val_mIoU=0.4688  {'background': 0.9461, 'lane_line': 0.2769, 'stop_line': 0.3393, 'crosswalk': 0.7776, 'other': 0.0043}  (88.6s)
epoch 46/80  loss=1.1134  val_mIoU=0.4712  {'background': 0.947, 'lane_line': 0.2802, 'stop_line': 0.3411, 'crosswalk': 0.7838, 'other': 0.0037}  (88.4s)
epoch 47/80  loss=1.1151  val_mIoU=0.4714  {'background': 0.9502, 'lane_line': 0.283, 'stop_line': 0.3442, 'crosswalk': 0.7744, 'other': 0.0053}  (88.4s)
epoch 48/80  loss=1.1078  val_mIoU=0.4742  {'background': 0.9489, 'lane_line': 0.2871, 'stop_line': 0.3489, 'crosswalk': 0.7813, 'other': 0.0048}  (88.7s)
epoch 49/80  loss=1.1141  val_mIoU=0.4719  {'background': 0.9508, 'lane_line': 0.284, 'stop_line': 0.3396, 'crosswalk': 0.7797, 'other': 0.0054}  (88.5s)
epoch 50/80  loss=1.1009  val_mIoU=0.4730  {'background': 0.9502, 'lane_line': 0.2871, 'stop_line': 0.3412, 'crosswalk': 0.7799, 'other': 0.0066}  (88.3s)
epoch 51/80  loss=1.1024  val_mIoU=0.4794  {'background': 0.9507, 'lane_line': 0.2951, 'stop_line': 0.3681, 'crosswalk': 0.7771, 'other': 0.0059}  (88.4s)
epoch 52/80  loss=1.0864  val_mIoU=0.4712  {'background': 0.9486, 'lane_line': 0.2842, 'stop_line': 0.3388, 'crosswalk': 0.7801, 'other': 0.0042}  (88.6s)
epoch 53/80  loss=1.0902  val_mIoU=0.4763  {'background': 0.9504, 'lane_line': 0.2926, 'stop_line': 0.3567, 'crosswalk': 0.7747, 'other': 0.007}  (88.4s)
epoch 54/80  loss=1.0864  val_mIoU=0.4760  {'background': 0.9485, 'lane_line': 0.2834, 'stop_line': 0.3623, 'crosswalk': 0.7812, 'other': 0.0043}  (88.1s)
epoch 55/80  loss=1.0884  val_mIoU=0.4740  {'background': 0.9473, 'lane_line': 0.2846, 'stop_line': 0.3448, 'crosswalk': 0.7895, 'other': 0.0041}  (88.9s)
epoch 56/80  loss=1.0753  val_mIoU=0.4749  {'background': 0.9478, 'lane_line': 0.2859, 'stop_line': 0.3545, 'crosswalk': 0.7797, 'other': 0.0067}  (88.6s)
epoch 57/80  loss=1.0728  val_mIoU=0.4756  {'background': 0.9502, 'lane_line': 0.2931, 'stop_line': 0.3425, 'crosswalk': 0.7868, 'other': 0.0056}  (88.5s)
epoch 58/80  loss=1.0802  val_mIoU=0.4753  {'background': 0.9494, 'lane_line': 0.2889, 'stop_line': 0.3532, 'crosswalk': 0.7793, 'other': 0.0056}  (88.4s)
epoch 59/80  loss=1.0737  val_mIoU=0.4774  {'background': 0.9515, 'lane_line': 0.291, 'stop_line': 0.3465, 'crosswalk': 0.7935, 'other': 0.0044}  (87.6s)
epoch 60/80  loss=1.0692  val_mIoU=0.4747  {'background': 0.9497, 'lane_line': 0.2878, 'stop_line': 0.3418, 'crosswalk': 0.7896, 'other': 0.0046}  (89.0s)
epoch 61/80  loss=1.0629  val_mIoU=0.4730  {'background': 0.9498, 'lane_line': 0.2958, 'stop_line': 0.346, 'crosswalk': 0.7675, 'other': 0.0059}  (88.8s)
epoch 62/80  loss=1.0662  val_mIoU=0.4767  {'background': 0.9473, 'lane_line': 0.2865, 'stop_line': 0.3606, 'crosswalk': 0.7828, 'other': 0.006}  (88.5s)
epoch 63/80  loss=1.0565  val_mIoU=0.4769  {'background': 0.9522, 'lane_line': 0.2979, 'stop_line': 0.347, 'crosswalk': 0.7819, 'other': 0.0053}  (88.9s)
epoch 64/80  loss=1.0651  val_mIoU=0.4790  {'background': 0.9515, 'lane_line': 0.295, 'stop_line': 0.3574, 'crosswalk': 0.7862, 'other': 0.0049}  (88.4s)
epoch 65/80  loss=1.0592  val_mIoU=0.4780  {'background': 0.9506, 'lane_line': 0.2983, 'stop_line': 0.3504, 'crosswalk': 0.7847, 'other': 0.0057}  (88.1s)
epoch 66/80  loss=1.0558  val_mIoU=0.4772  {'background': 0.9507, 'lane_line': 0.2946, 'stop_line': 0.3488, 'crosswalk': 0.7855, 'other': 0.0065}  (89.0s)
epoch 67/80  loss=1.0494  val_mIoU=0.4784  {'background': 0.9503, 'lane_line': 0.2917, 'stop_line': 0.3526, 'crosswalk': 0.7924, 'other': 0.0052}  (88.5s)
epoch 68/80  loss=1.0498  val_mIoU=0.4802  {'background': 0.952, 'lane_line': 0.2942, 'stop_line': 0.3583, 'crosswalk': 0.7911, 'other': 0.0053}  (88.5s)
epoch 69/80  loss=1.0472  val_mIoU=0.4787  {'background': 0.9509, 'lane_line': 0.2923, 'stop_line': 0.3544, 'crosswalk': 0.7909, 'other': 0.0052}  (88.0s)
epoch 70/80  loss=1.0518  val_mIoU=0.4789  {'background': 0.9507, 'lane_line': 0.2951, 'stop_line': 0.3548, 'crosswalk': 0.7885, 'other': 0.0056}  (89.1s)
epoch 71/80  loss=1.0447  val_mIoU=0.4804  {'background': 0.9531, 'lane_line': 0.2958, 'stop_line': 0.3562, 'crosswalk': 0.7912, 'other': 0.0058}  (88.6s)
epoch 72/80  loss=1.0433  val_mIoU=0.4798  {'background': 0.952, 'lane_line': 0.2973, 'stop_line': 0.3557, 'crosswalk': 0.788, 'other': 0.0061}  (88.5s)
epoch 73/80  loss=1.0458  val_mIoU=0.4766  {'background': 0.951, 'lane_line': 0.295, 'stop_line': 0.3464, 'crosswalk': 0.7855, 'other': 0.0053}  (88.2s)
epoch 74/80  loss=1.0442  val_mIoU=0.4777  {'background': 0.9514, 'lane_line': 0.2941, 'stop_line': 0.3504, 'crosswalk': 0.7868, 'other': 0.0058}  (88.7s)
epoch 75/80  loss=1.0504  val_mIoU=0.4778  {'background': 0.9507, 'lane_line': 0.2941, 'stop_line': 0.3514, 'crosswalk': 0.7872, 'other': 0.0054}  (88.6s)
epoch 76/80  loss=1.0476  val_mIoU=0.4785  {'background': 0.9516, 'lane_line': 0.2937, 'stop_line': 0.3561, 'crosswalk': 0.7849, 'other': 0.0063}  (88.5s)
epoch 77/80  loss=1.0433  val_mIoU=0.4802  {'background': 0.951, 'lane_line': 0.2941, 'stop_line': 0.3597, 'crosswalk': 0.7897, 'other': 0.0065}  (88.4s)
epoch 78/80  loss=1.0436  val_mIoU=0.4786  {'background': 0.9504, 'lane_line': 0.2931, 'stop_line': 0.3536, 'crosswalk': 0.79, 'other': 0.006}  (88.4s)
epoch 79/80  loss=1.0399  val_mIoU=0.4794  {'background': 0.9512, 'lane_line': 0.2945, 'stop_line': 0.3548, 'crosswalk': 0.7908, 'other': 0.0058}  (88.7s)
epoch 80/80  loss=1.0450  val_mIoU=0.4803  {'background': 0.9512, 'lane_line': 0.2946, 'stop_line': 0.3583, 'crosswalk': 0.7915, 'other': 0.0061}  (88.5s)
Done. best val mIoU=0.4804. Checkpoints in /home/ipc2/potree/ml/checkpoints_v4
