Loading 23 scene(s): ['01', '02-003', '03-005', '03-extra', '04', '05-004', '06-005', '07-004', '08-001', '09-002', '10-003', '11-005', '12-002', '13-003', '14-004', '15-001', '16-002', '17-004', '18-003', '19-002', '20-001', '21', '22-005']
train patches: 7771, val patches: 2077
class weights: {'background': 0.20911748707294464, 'lane_line': 12.020552635192871, 'stop_line': 189.51715087890625, 'crosswalk': 7.854703426361084, 'other': 450.584716796875}
epoch 1/30  loss=1.7298  val_mIoU=0.1891  {'background': 0.5779, 'lane_line': 0.052, 'stop_line': 0.013, 'crosswalk': 0.3022, 'other': 0.0002}  (81.7s)
epoch 2/30  loss=1.4887  val_mIoU=0.2704  {'background': 0.7368, 'lane_line': 0.0872, 'stop_line': 0.012, 'crosswalk': 0.5158, 'other': 0.0004}  (82.1s)
epoch 3/30  loss=1.4130  val_mIoU=0.1494  {'background': 0.3353, 'lane_line': 0.0457, 'stop_line': 0.0115, 'crosswalk': 0.3542, 'other': 0.0004}  (79.9s)
epoch 4/30  loss=1.3217  val_mIoU=0.1919  {'background': 0.4919, 'lane_line': 0.0484, 'stop_line': 0.0233, 'crosswalk': 0.3954, 'other': 0.0004}  (79.5s)
epoch 5/30  loss=1.3057  val_mIoU=0.2423  {'background': 0.559, 'lane_line': 0.055, 'stop_line': 0.0241, 'crosswalk': 0.5731, 'other': 0.0004}  (83.3s)
epoch 6/30  loss=1.2576  val_mIoU=0.2156  {'background': 0.4592, 'lane_line': 0.049, 'stop_line': 0.0238, 'crosswalk': 0.5453, 'other': 0.0005}  (81.3s)
epoch 7/30  loss=1.2309  val_mIoU=0.2688  {'background': 0.6603, 'lane_line': 0.0565, 'stop_line': 0.0257, 'crosswalk': 0.6014, 'other': 0.0003}  (81.5s)
epoch 8/30  loss=1.1967  val_mIoU=0.2588  {'background': 0.6148, 'lane_line': 0.0654, 'stop_line': 0.0359, 'crosswalk': 0.5775, 'other': 0.0003}  (82.3s)
epoch 9/30  loss=1.1876  val_mIoU=0.2783  {'background': 0.6148, 'lane_line': 0.0658, 'stop_line': 0.0382, 'crosswalk': 0.6722, 'other': 0.0005}  (82.0s)
epoch 10/30  loss=1.1644  val_mIoU=0.2510  {'background': 0.5554, 'lane_line': 0.062, 'stop_line': 0.0385, 'crosswalk': 0.5985, 'other': 0.0003}  (81.9s)
epoch 11/30  loss=1.1287  val_mIoU=0.2540  {'background': 0.5703, 'lane_line': 0.0572, 'stop_line': 0.0312, 'crosswalk': 0.6109, 'other': 0.0005}  (81.5s)
epoch 12/30  loss=1.1169  val_mIoU=0.2312  {'background': 0.5785, 'lane_line': 0.0733, 'stop_line': 0.034, 'crosswalk': 0.4699, 'other': 0.0003}  (81.4s)
epoch 13/30  loss=1.1111  val_mIoU=0.2503  {'background': 0.5682, 'lane_line': 0.0621, 'stop_line': 0.0246, 'crosswalk': 0.5962, 'other': 0.0005}  (81.5s)
epoch 14/30  loss=1.0951  val_mIoU=0.2535  {'background': 0.5668, 'lane_line': 0.0597, 'stop_line': 0.0282, 'crosswalk': 0.6121, 'other': 0.0006}  (81.6s)
epoch 15/30  loss=1.0771  val_mIoU=0.2322  {'background': 0.6029, 'lane_line': 0.0655, 'stop_line': 0.0269, 'crosswalk': 0.4653, 'other': 0.0005}  (83.3s)
epoch 16/30  loss=1.0650  val_mIoU=0.2390  {'background': 0.5157, 'lane_line': 0.0572, 'stop_line': 0.0312, 'crosswalk': 0.5906, 'other': 0.0004}  (83.6s)
epoch 17/30  loss=1.0456  val_mIoU=0.2575  {'background': 0.5742, 'lane_line': 0.066, 'stop_line': 0.0311, 'crosswalk': 0.6157, 'other': 0.0004}  (82.6s)
epoch 18/30  loss=1.0205  val_mIoU=0.2695  {'background': 0.6144, 'lane_line': 0.0651, 'stop_line': 0.0477, 'crosswalk': 0.6199, 'other': 0.0006}  (84.3s)
epoch 19/30  loss=1.0238  val_mIoU=0.2653  {'background': 0.5829, 'lane_line': 0.0637, 'stop_line': 0.0356, 'crosswalk': 0.6438, 'other': 0.0006}  (81.6s)
epoch 20/30  loss=1.0075  val_mIoU=0.2630  {'background': 0.599, 'lane_line': 0.0649, 'stop_line': 0.0356, 'crosswalk': 0.6151, 'other': 0.0005}  (81.4s)
epoch 21/30  loss=0.9910  val_mIoU=0.2749  {'background': 0.611, 'lane_line': 0.0657, 'stop_line': 0.0404, 'crosswalk': 0.6569, 'other': 0.0005}  (81.1s)
epoch 22/30  loss=0.9910  val_mIoU=0.2709  {'background': 0.6514, 'lane_line': 0.0724, 'stop_line': 0.0461, 'crosswalk': 0.5838, 'other': 0.0007}  (81.1s)
epoch 23/30  loss=0.9816  val_mIoU=0.2763  {'background': 0.6218, 'lane_line': 0.0676, 'stop_line': 0.0416, 'crosswalk': 0.6499, 'other': 0.0007}  (81.1s)
epoch 24/30  loss=0.9688  val_mIoU=0.2687  {'background': 0.6302, 'lane_line': 0.0709, 'stop_line': 0.0333, 'crosswalk': 0.6083, 'other': 0.0007}  (81.1s)
epoch 25/30  loss=0.9579  val_mIoU=0.2824  {'background': 0.6497, 'lane_line': 0.0728, 'stop_line': 0.0403, 'crosswalk': 0.6488, 'other': 0.0006}  (81.1s)
epoch 26/30  loss=0.9643  val_mIoU=0.2805  {'background': 0.6405, 'lane_line': 0.0732, 'stop_line': 0.043, 'crosswalk': 0.6453, 'other': 0.0006}  (81.0s)
epoch 27/30  loss=0.9613  val_mIoU=0.2775  {'background': 0.6376, 'lane_line': 0.0716, 'stop_line': 0.044, 'crosswalk': 0.6334, 'other': 0.0007}  (81.1s)
epoch 28/30  loss=0.9480  val_mIoU=0.2801  {'background': 0.6544, 'lane_line': 0.0744, 'stop_line': 0.0401, 'crosswalk': 0.6311, 'other': 0.0007}  (81.2s)
epoch 29/30  loss=0.9526  val_mIoU=0.2770  {'background': 0.6314, 'lane_line': 0.0696, 'stop_line': 0.0455, 'crosswalk': 0.6379, 'other': 0.0007}  (81.1s)
epoch 30/30  loss=0.9372  val_mIoU=0.2789  {'background': 0.6387, 'lane_line': 0.0705, 'stop_line': 0.044, 'crosswalk': 0.6406, 'other': 0.0008}  (81.1s)
Done. best val mIoU=0.2824. Checkpoints in /home/ipc2/potree/ml/checkpoints_v2
