Loading 18 scene(s): ['07-004', '10-003', '12-002', '13-003', '16-002', '17-004', '22-005', '02-003', '03-005', '03-extra', '04', '06-005', '15-001', '20-001', '21', '18-003', '05-004', '09-002']
train patches: 5182, val patches: 1646
class weights: {'background': 0.4432904124259949, 'line_marking': 5.906364917755127, 'crosswalk': 5.061647415161133, 'other': 20.0}
epoch 1/80  loss=2.7604  val_mIoU=0.2650  {'background': 0.844, 'line_marking': 0.0866, 'crosswalk': 0.1293, 'other': 0.0}  (95.3s)
epoch 2/80  loss=2.5167  val_mIoU=0.3844  {'background': 0.9208, 'line_marking': 0.1129, 'crosswalk': 0.504, 'other': 0.0}  (95.1s)
epoch 3/80  loss=2.3873  val_mIoU=0.4014  {'background': 0.9337, 'line_marking': 0.1316, 'crosswalk': 0.5405, 'other': 0.0}  (94.8s)
epoch 4/80  loss=2.3047  val_mIoU=0.4183  {'background': 0.9173, 'line_marking': 0.1453, 'crosswalk': 0.6104, 'other': 0.0}  (94.6s)
epoch 5/80  loss=2.2543  val_mIoU=0.4098  {'background': 0.9313, 'line_marking': 0.1536, 'crosswalk': 0.5542, 'other': 0.0002}  (94.8s)
epoch 6/80  loss=2.2285  val_mIoU=0.4086  {'background': 0.9407, 'line_marking': 0.152, 'crosswalk': 0.5418, 'other': 0.0}  (94.8s)
epoch 7/80  loss=2.2032  val_mIoU=0.4297  {'background': 0.9343, 'line_marking': 0.1734, 'crosswalk': 0.611, 'other': 0.0}  (94.7s)
epoch 8/80  loss=2.1687  val_mIoU=0.3560  {'background': 0.9081, 'line_marking': 0.1582, 'crosswalk': 0.3577, 'other': 0.0002}  (94.6s)
epoch 9/80  loss=2.1508  val_mIoU=0.4323  {'background': 0.9407, 'line_marking': 0.1609, 'crosswalk': 0.6269, 'other': 0.0007}  (94.8s)
epoch 10/80  loss=2.1412  val_mIoU=0.4359  {'background': 0.9319, 'line_marking': 0.1694, 'crosswalk': 0.6423, 'other': 0.0}  (94.7s)
epoch 11/80  loss=2.1318  val_mIoU=0.4457  {'background': 0.9427, 'line_marking': 0.1899, 'crosswalk': 0.6499, 'other': 0.0005}  (94.6s)
epoch 12/80  loss=2.1098  val_mIoU=0.4051  {'background': 0.8651, 'line_marking': 0.1197, 'crosswalk': 0.6355, 'other': 0.0001}  (94.6s)
epoch 13/80  loss=2.0909  val_mIoU=0.4413  {'background': 0.9453, 'line_marking': 0.1909, 'crosswalk': 0.6289, 'other': 0.0002}  (94.8s)
epoch 14/80  loss=2.0996  val_mIoU=0.4346  {'background': 0.9223, 'line_marking': 0.1709, 'crosswalk': 0.6447, 'other': 0.0004}  (94.8s)
epoch 15/80  loss=2.0581  val_mIoU=0.4396  {'background': 0.9257, 'line_marking': 0.1887, 'crosswalk': 0.6419, 'other': 0.0019}  (94.7s)
epoch 16/80  loss=2.0469  val_mIoU=0.4451  {'background': 0.9327, 'line_marking': 0.1967, 'crosswalk': 0.6486, 'other': 0.0022}  (94.7s)
epoch 17/80  loss=2.0449  val_mIoU=0.4392  {'background': 0.9418, 'line_marking': 0.2137, 'crosswalk': 0.6006, 'other': 0.0008}  (94.8s)
epoch 18/80  loss=2.0187  val_mIoU=0.4417  {'background': 0.9296, 'line_marking': 0.1984, 'crosswalk': 0.6367, 'other': 0.0021}  (94.8s)
epoch 19/80  loss=1.9949  val_mIoU=0.4435  {'background': 0.9329, 'line_marking': 0.2154, 'crosswalk': 0.6241, 'other': 0.0016}  (94.6s)
epoch 20/80  loss=1.9883  val_mIoU=0.4483  {'background': 0.9371, 'line_marking': 0.219, 'crosswalk': 0.6363, 'other': 0.0009}  (94.7s)
epoch 21/80  loss=1.9788  val_mIoU=0.4426  {'background': 0.9257, 'line_marking': 0.1985, 'crosswalk': 0.6438, 'other': 0.0024}  (94.8s)
epoch 22/80  loss=1.9600  val_mIoU=0.4499  {'background': 0.9367, 'line_marking': 0.2215, 'crosswalk': 0.6399, 'other': 0.0014}  (94.8s)
epoch 23/80  loss=1.9542  val_mIoU=0.4469  {'background': 0.9262, 'line_marking': 0.2074, 'crosswalk': 0.6523, 'other': 0.0018}  (94.6s)
epoch 24/80  loss=1.9590  val_mIoU=0.4571  {'background': 0.9423, 'line_marking': 0.2302, 'crosswalk': 0.6515, 'other': 0.0043}  (94.7s)
epoch 25/80  loss=1.9496  val_mIoU=0.4589  {'background': 0.9414, 'line_marking': 0.2263, 'crosswalk': 0.6586, 'other': 0.0095}  (94.8s)
epoch 26/80  loss=1.9315  val_mIoU=0.4573  {'background': 0.9436, 'line_marking': 0.2361, 'crosswalk': 0.6426, 'other': 0.0067}  (94.8s)
epoch 27/80  loss=1.9146  val_mIoU=0.4562  {'background': 0.9423, 'line_marking': 0.2271, 'crosswalk': 0.6499, 'other': 0.0053}  (94.7s)
epoch 28/80  loss=1.9132  val_mIoU=0.4497  {'background': 0.9318, 'line_marking': 0.2212, 'crosswalk': 0.6415, 'other': 0.0046}  (94.7s)
epoch 29/80  loss=1.8912  val_mIoU=0.4610  {'background': 0.9414, 'line_marking': 0.2356, 'crosswalk': 0.6582, 'other': 0.0087}  (94.8s)
epoch 30/80  loss=1.9041  val_mIoU=0.4597  {'background': 0.9426, 'line_marking': 0.2342, 'crosswalk': 0.6508, 'other': 0.0111}  (94.8s)
epoch 31/80  loss=1.8877  val_mIoU=0.4590  {'background': 0.9384, 'line_marking': 0.2302, 'crosswalk': 0.6594, 'other': 0.0082}  (94.7s)
epoch 32/80  loss=1.8923  val_mIoU=0.4482  {'background': 0.9295, 'line_marking': 0.2137, 'crosswalk': 0.6428, 'other': 0.0068}  (94.7s)
epoch 33/80  loss=1.8752  val_mIoU=0.4592  {'background': 0.944, 'line_marking': 0.2417, 'crosswalk': 0.6484, 'other': 0.0027}  (94.7s)
epoch 34/80  loss=1.8761  val_mIoU=0.4577  {'background': 0.9435, 'line_marking': 0.2324, 'crosswalk': 0.6445, 'other': 0.0103}  (94.8s)
epoch 35/80  loss=1.8647  val_mIoU=0.4534  {'background': 0.9395, 'line_marking': 0.2305, 'crosswalk': 0.6292, 'other': 0.0145}  (94.7s)
epoch 36/80  loss=1.8660  val_mIoU=0.4578  {'background': 0.9361, 'line_marking': 0.2307, 'crosswalk': 0.6544, 'other': 0.01}  (94.8s)
epoch 37/80  loss=1.8564  val_mIoU=0.4602  {'background': 0.941, 'line_marking': 0.2335, 'crosswalk': 0.6546, 'other': 0.0119}  (95.6s)
epoch 38/80  loss=1.8386  val_mIoU=0.4593  {'background': 0.9441, 'line_marking': 0.2388, 'crosswalk': 0.6467, 'other': 0.0078}  (97.5s)
epoch 39/80  loss=1.8467  val_mIoU=0.4535  {'background': 0.9412, 'line_marking': 0.2321, 'crosswalk': 0.6333, 'other': 0.0072}  (96.8s)
epoch 40/80  loss=1.8357  val_mIoU=0.4588  {'background': 0.9355, 'line_marking': 0.2295, 'crosswalk': 0.6569, 'other': 0.0134}  (96.7s)
epoch 41/80  loss=1.8333  val_mIoU=0.4547  {'background': 0.9403, 'line_marking': 0.2341, 'crosswalk': 0.6346, 'other': 0.0097}  (116.4s)
epoch 42/80  loss=1.8255  val_mIoU=0.4556  {'background': 0.9336, 'line_marking': 0.2334, 'crosswalk': 0.6495, 'other': 0.0058}  (101.5s)
epoch 43/80  loss=1.8179  val_mIoU=0.4581  {'background': 0.9414, 'line_marking': 0.2326, 'crosswalk': 0.648, 'other': 0.0101}  (108.2s)
epoch 44/80  loss=1.8121  val_mIoU=0.4517  {'background': 0.9389, 'line_marking': 0.2316, 'crosswalk': 0.6269, 'other': 0.0093}  (110.0s)
epoch 45/80  loss=1.8127  val_mIoU=0.4577  {'background': 0.9372, 'line_marking': 0.2373, 'crosswalk': 0.6487, 'other': 0.0076}  (106.5s)
epoch 46/80  loss=1.8079  val_mIoU=0.4616  {'background': 0.9413, 'line_marking': 0.2364, 'crosswalk': 0.6562, 'other': 0.0123}  (106.7s)
epoch 47/80  loss=1.8086  val_mIoU=0.4604  {'background': 0.9425, 'line_marking': 0.237, 'crosswalk': 0.6513, 'other': 0.0107}  (107.9s)
epoch 48/80  loss=1.8098  val_mIoU=0.4612  {'background': 0.9421, 'line_marking': 0.241, 'crosswalk': 0.651, 'other': 0.0106}  (108.1s)
epoch 49/80  loss=1.7919  val_mIoU=0.4606  {'background': 0.9397, 'line_marking': 0.2338, 'crosswalk': 0.6566, 'other': 0.0123}  (108.3s)
epoch 50/80  loss=1.7798  val_mIoU=0.4613  {'background': 0.9434, 'line_marking': 0.2386, 'crosswalk': 0.6535, 'other': 0.0095}  (113.4s)
epoch 51/80  loss=1.7903  val_mIoU=0.4553  {'background': 0.9377, 'line_marking': 0.2338, 'crosswalk': 0.6418, 'other': 0.0081}  (114.1s)
epoch 52/80  loss=1.7696  val_mIoU=0.4581  {'background': 0.9399, 'line_marking': 0.2429, 'crosswalk': 0.6391, 'other': 0.0103}  (113.8s)
epoch 53/80  loss=1.7647  val_mIoU=0.4600  {'background': 0.9374, 'line_marking': 0.238, 'crosswalk': 0.6546, 'other': 0.01}  (113.9s)
epoch 54/80  loss=1.7657  val_mIoU=0.4608  {'background': 0.9409, 'line_marking': 0.2408, 'crosswalk': 0.6501, 'other': 0.0113}  (113.8s)
epoch 55/80  loss=1.7669  val_mIoU=0.4555  {'background': 0.9343, 'line_marking': 0.2351, 'crosswalk': 0.6458, 'other': 0.0067}  (113.8s)
epoch 56/80  loss=1.7571  val_mIoU=0.4602  {'background': 0.9433, 'line_marking': 0.2416, 'crosswalk': 0.6439, 'other': 0.0121}  (113.7s)
epoch 57/80  loss=1.7535  val_mIoU=0.4603  {'background': 0.9393, 'line_marking': 0.239, 'crosswalk': 0.6545, 'other': 0.0083}  (113.0s)
epoch 58/80  loss=1.7604  val_mIoU=0.4588  {'background': 0.9363, 'line_marking': 0.2345, 'crosswalk': 0.654, 'other': 0.0105}  (113.5s)
epoch 59/80  loss=1.7545  val_mIoU=0.4621  {'background': 0.9397, 'line_marking': 0.2395, 'crosswalk': 0.6556, 'other': 0.0136}  (110.1s)
epoch 60/80  loss=1.7615  val_mIoU=0.4625  {'background': 0.939, 'line_marking': 0.2388, 'crosswalk': 0.6607, 'other': 0.0115}  (111.8s)
epoch 61/80  loss=1.7553  val_mIoU=0.4589  {'background': 0.9391, 'line_marking': 0.2419, 'crosswalk': 0.644, 'other': 0.0104}  (108.5s)
epoch 62/80  loss=1.7482  val_mIoU=0.4567  {'background': 0.9397, 'line_marking': 0.2389, 'crosswalk': 0.6371, 'other': 0.011}  (107.3s)
epoch 63/80  loss=1.7439  val_mIoU=0.4632  {'background': 0.9402, 'line_marking': 0.2429, 'crosswalk': 0.6584, 'other': 0.0111}  (106.9s)
epoch 64/80  loss=1.7439  val_mIoU=0.4621  {'background': 0.941, 'line_marking': 0.2419, 'crosswalk': 0.6554, 'other': 0.0101}  (105.9s)
epoch 65/80  loss=1.7431  val_mIoU=0.4610  {'background': 0.9386, 'line_marking': 0.2402, 'crosswalk': 0.6543, 'other': 0.011}  (108.6s)
epoch 66/80  loss=1.7442  val_mIoU=0.4594  {'background': 0.9385, 'line_marking': 0.2365, 'crosswalk': 0.6494, 'other': 0.0134}  (119.2s)
epoch 67/80  loss=1.7336  val_mIoU=0.4612  {'background': 0.94, 'line_marking': 0.2396, 'crosswalk': 0.6519, 'other': 0.0133}  (106.3s)
epoch 68/80  loss=1.7275  val_mIoU=0.4613  {'background': 0.9404, 'line_marking': 0.2426, 'crosswalk': 0.6482, 'other': 0.0138}  (105.7s)
epoch 69/80  loss=1.7288  val_mIoU=0.4589  {'background': 0.9373, 'line_marking': 0.2394, 'crosswalk': 0.649, 'other': 0.0098}  (109.8s)
epoch 70/80  loss=1.7291  val_mIoU=0.4610  {'background': 0.9401, 'line_marking': 0.2412, 'crosswalk': 0.6521, 'other': 0.0107}  (124.4s)
epoch 71/80  loss=1.7243  val_mIoU=0.4594  {'background': 0.9393, 'line_marking': 0.2402, 'crosswalk': 0.6468, 'other': 0.0113}  (116.3s)
epoch 72/80  loss=1.7284  val_mIoU=0.4601  {'background': 0.9389, 'line_marking': 0.241, 'crosswalk': 0.6491, 'other': 0.0115}  (116.8s)
epoch 73/80  loss=1.7330  val_mIoU=0.4604  {'background': 0.9382, 'line_marking': 0.2415, 'crosswalk': 0.6498, 'other': 0.0119}  (118.9s)
epoch 74/80  loss=1.7277  val_mIoU=0.4620  {'background': 0.9397, 'line_marking': 0.2429, 'crosswalk': 0.6535, 'other': 0.012}  (111.4s)
epoch 75/80  loss=1.7229  val_mIoU=0.4615  {'background': 0.94, 'line_marking': 0.244, 'crosswalk': 0.6503, 'other': 0.0117}  (109.1s)
epoch 76/80  loss=1.7127  val_mIoU=0.4622  {'background': 0.939, 'line_marking': 0.2408, 'crosswalk': 0.6574, 'other': 0.0116}  (108.7s)
epoch 77/80  loss=1.7133  val_mIoU=0.4610  {'background': 0.9412, 'line_marking': 0.2444, 'crosswalk': 0.6452, 'other': 0.0131}  (108.0s)
epoch 78/80  loss=1.7181  val_mIoU=0.4607  {'background': 0.9388, 'line_marking': 0.2422, 'crosswalk': 0.6497, 'other': 0.0121}  (109.2s)
epoch 79/80  loss=1.7240  val_mIoU=0.4615  {'background': 0.94, 'line_marking': 0.243, 'crosswalk': 0.6505, 'other': 0.0123}  (107.9s)
epoch 80/80  loss=1.7253  val_mIoU=0.4617  {'background': 0.9407, 'line_marking': 0.2432, 'crosswalk': 0.6506, 'other': 0.0124}  (107.4s)
Done. best val mIoU=0.4632. Checkpoints in checkpoints_v7
