Loading 18 scene(s): ['07-004', '10-003', '12-002', '13-003', '16-002', '17-004', '22-005', '02-003', '03-005', '03-extra', '04', '06-005', '15-001', '20-001', '21', '18-003', '05-004', '09-002']
train patches: 5182, val patches: 1646
class weights: {'background': 0.5076607465744019, 'line_marking': 4.393057346343994, 'crosswalk': 3.862868309020996, 'other': 20.0}
epoch 1/80  loss=1.8722  val_mIoU=0.3677  {'background': 0.9385, 'line_marking': 0.1216, 'crosswalk': 0.4106, 'other': 0.0}  (55.1s)
epoch 2/80  loss=1.6146  val_mIoU=0.4035  {'background': 0.9304, 'line_marking': 0.1474, 'crosswalk': 0.5363, 'other': 0.0}  (54.7s)
epoch 3/80  loss=1.5295  val_mIoU=0.4241  {'background': 0.9394, 'line_marking': 0.1566, 'crosswalk': 0.6004, 'other': 0.0}  (54.4s)
epoch 4/80  loss=1.4833  val_mIoU=0.4327  {'background': 0.9347, 'line_marking': 0.1704, 'crosswalk': 0.6257, 'other': 0.0}  (54.4s)
epoch 5/80  loss=1.4768  val_mIoU=0.4224  {'background': 0.9322, 'line_marking': 0.1712, 'crosswalk': 0.5861, 'other': 0.0}  (54.5s)
epoch 6/80  loss=1.4391  val_mIoU=0.4108  {'background': 0.9379, 'line_marking': 0.1746, 'crosswalk': 0.5308, 'other': 0.0}  (54.4s)
epoch 7/80  loss=1.4296  val_mIoU=0.4387  {'background': 0.9387, 'line_marking': 0.188, 'crosswalk': 0.6279, 'other': 0.0}  (54.3s)
epoch 8/80  loss=1.4161  val_mIoU=0.4269  {'background': 0.9375, 'line_marking': 0.1818, 'crosswalk': 0.5884, 'other': 0.0}  (54.6s)
epoch 9/80  loss=1.3945  val_mIoU=0.4400  {'background': 0.9425, 'line_marking': 0.1943, 'crosswalk': 0.623, 'other': 0.0003}  (54.4s)
epoch 10/80  loss=1.3825  val_mIoU=0.4353  {'background': 0.9436, 'line_marking': 0.1981, 'crosswalk': 0.5995, 'other': 0.0}  (54.5s)
epoch 11/80  loss=1.3737  val_mIoU=0.4393  {'background': 0.9348, 'line_marking': 0.1878, 'crosswalk': 0.6343, 'other': 0.0004}  (54.5s)
epoch 12/80  loss=1.3586  val_mIoU=0.4148  {'background': 0.928, 'line_marking': 0.1943, 'crosswalk': 0.536, 'other': 0.0011}  (54.5s)
epoch 13/80  loss=1.3650  val_mIoU=0.4232  {'background': 0.9226, 'line_marking': 0.194, 'crosswalk': 0.573, 'other': 0.0034}  (54.5s)
epoch 14/80  loss=1.3479  val_mIoU=0.4362  {'background': 0.9284, 'line_marking': 0.2057, 'crosswalk': 0.6063, 'other': 0.0043}  (54.5s)
epoch 15/80  loss=1.3283  val_mIoU=0.4540  {'background': 0.9429, 'line_marking': 0.2243, 'crosswalk': 0.6476, 'other': 0.0013}  (54.6s)
epoch 16/80  loss=1.3215  val_mIoU=0.4502  {'background': 0.942, 'line_marking': 0.2235, 'crosswalk': 0.634, 'other': 0.0015}  (54.6s)
epoch 17/80  loss=1.3053  val_mIoU=0.4384  {'background': 0.9365, 'line_marking': 0.2173, 'crosswalk': 0.5966, 'other': 0.0032}  (54.5s)
epoch 18/80  loss=1.2996  val_mIoU=0.4550  {'background': 0.9473, 'line_marking': 0.2235, 'crosswalk': 0.646, 'other': 0.0033}  (54.5s)
epoch 19/80  loss=1.2928  val_mIoU=0.4524  {'background': 0.9326, 'line_marking': 0.2258, 'crosswalk': 0.646, 'other': 0.0053}  (54.4s)
epoch 20/80  loss=1.2862  val_mIoU=0.4506  {'background': 0.9355, 'line_marking': 0.2306, 'crosswalk': 0.6325, 'other': 0.0037}  (54.4s)
epoch 21/80  loss=1.2787  val_mIoU=0.4431  {'background': 0.9301, 'line_marking': 0.2116, 'crosswalk': 0.6284, 'other': 0.0024}  (54.5s)
epoch 22/80  loss=1.2715  val_mIoU=0.4582  {'background': 0.9392, 'line_marking': 0.2322, 'crosswalk': 0.6584, 'other': 0.0031}  (54.5s)
epoch 23/80  loss=1.2654  val_mIoU=0.4432  {'background': 0.931, 'line_marking': 0.2241, 'crosswalk': 0.613, 'other': 0.0047}  (54.4s)
epoch 24/80  loss=1.2561  val_mIoU=0.4588  {'background': 0.9437, 'line_marking': 0.2302, 'crosswalk': 0.6559, 'other': 0.0053}  (54.5s)
epoch 25/80  loss=1.2578  val_mIoU=0.4569  {'background': 0.9393, 'line_marking': 0.2288, 'crosswalk': 0.6551, 'other': 0.0044}  (54.4s)
epoch 26/80  loss=1.2631  val_mIoU=0.4548  {'background': 0.9359, 'line_marking': 0.2281, 'crosswalk': 0.6492, 'other': 0.0058}  (54.4s)
epoch 27/80  loss=1.2393  val_mIoU=0.4317  {'background': 0.9344, 'line_marking': 0.2288, 'crosswalk': 0.5563, 'other': 0.0074}  (54.4s)
epoch 28/80  loss=1.2420  val_mIoU=0.4420  {'background': 0.9347, 'line_marking': 0.2208, 'crosswalk': 0.6087, 'other': 0.0037}  (54.4s)
epoch 29/80  loss=1.2356  val_mIoU=0.4566  {'background': 0.939, 'line_marking': 0.2291, 'crosswalk': 0.6502, 'other': 0.0083}  (54.5s)
epoch 30/80  loss=1.2321  val_mIoU=0.4549  {'background': 0.9361, 'line_marking': 0.2348, 'crosswalk': 0.6422, 'other': 0.0066}  (54.5s)
epoch 31/80  loss=1.2221  val_mIoU=0.4568  {'background': 0.9433, 'line_marking': 0.2379, 'crosswalk': 0.6413, 'other': 0.0045}  (54.6s)
epoch 32/80  loss=1.2279  val_mIoU=0.4570  {'background': 0.9401, 'line_marking': 0.2196, 'crosswalk': 0.6634, 'other': 0.0051}  (54.4s)
epoch 33/80  loss=1.2159  val_mIoU=0.4597  {'background': 0.9417, 'line_marking': 0.2349, 'crosswalk': 0.6543, 'other': 0.0081}  (54.3s)
epoch 34/80  loss=1.2158  val_mIoU=0.4577  {'background': 0.9415, 'line_marking': 0.2395, 'crosswalk': 0.6465, 'other': 0.0035}  (54.6s)
epoch 35/80  loss=1.2109  val_mIoU=0.4484  {'background': 0.9337, 'line_marking': 0.2221, 'crosswalk': 0.6328, 'other': 0.0051}  (54.4s)
epoch 36/80  loss=1.2011  val_mIoU=0.4585  {'background': 0.9393, 'line_marking': 0.2347, 'crosswalk': 0.653, 'other': 0.0071}  (54.5s)
epoch 37/80  loss=1.2063  val_mIoU=0.4515  {'background': 0.9334, 'line_marking': 0.2299, 'crosswalk': 0.6379, 'other': 0.0048}  (54.5s)
epoch 38/80  loss=1.1911  val_mIoU=0.4577  {'background': 0.9449, 'line_marking': 0.2419, 'crosswalk': 0.6368, 'other': 0.0074}  (54.5s)
epoch 39/80  loss=1.2021  val_mIoU=0.4559  {'background': 0.9403, 'line_marking': 0.2337, 'crosswalk': 0.6439, 'other': 0.0055}  (54.5s)
epoch 40/80  loss=1.1903  val_mIoU=0.4527  {'background': 0.9384, 'line_marking': 0.233, 'crosswalk': 0.6297, 'other': 0.0097}  (54.3s)
epoch 41/80  loss=1.1803  val_mIoU=0.4596  {'background': 0.9379, 'line_marking': 0.2336, 'crosswalk': 0.6619, 'other': 0.0049}  (54.5s)
epoch 42/80  loss=1.1801  val_mIoU=0.4586  {'background': 0.9382, 'line_marking': 0.2368, 'crosswalk': 0.6542, 'other': 0.0053}  (54.4s)
epoch 43/80  loss=1.1811  val_mIoU=0.4606  {'background': 0.9408, 'line_marking': 0.2349, 'crosswalk': 0.6597, 'other': 0.0071}  (54.6s)
epoch 44/80  loss=1.1800  val_mIoU=0.4648  {'background': 0.9426, 'line_marking': 0.2418, 'crosswalk': 0.6665, 'other': 0.0083}  (54.5s)
epoch 45/80  loss=1.1778  val_mIoU=0.4596  {'background': 0.9428, 'line_marking': 0.2425, 'crosswalk': 0.6467, 'other': 0.0064}  (54.5s)
epoch 46/80  loss=1.1651  val_mIoU=0.4549  {'background': 0.935, 'line_marking': 0.2354, 'crosswalk': 0.6436, 'other': 0.0055}  (54.4s)
epoch 47/80  loss=1.1752  val_mIoU=0.4618  {'background': 0.942, 'line_marking': 0.24, 'crosswalk': 0.6577, 'other': 0.0075}  (54.3s)
epoch 48/80  loss=1.1608  val_mIoU=0.4640  {'background': 0.9423, 'line_marking': 0.2438, 'crosswalk': 0.6627, 'other': 0.0073}  (54.4s)
epoch 49/80  loss=1.1678  val_mIoU=0.4538  {'background': 0.9373, 'line_marking': 0.2354, 'crosswalk': 0.6351, 'other': 0.0075}  (54.4s)
epoch 50/80  loss=1.1531  val_mIoU=0.4482  {'background': 0.9331, 'line_marking': 0.2338, 'crosswalk': 0.6199, 'other': 0.006}  (54.5s)
epoch 51/80  loss=1.1457  val_mIoU=0.4582  {'background': 0.9385, 'line_marking': 0.2381, 'crosswalk': 0.6495, 'other': 0.0069}  (54.5s)
epoch 52/80  loss=1.1481  val_mIoU=0.4603  {'background': 0.9389, 'line_marking': 0.2426, 'crosswalk': 0.6507, 'other': 0.0091}  (54.4s)
epoch 53/80  loss=1.1452  val_mIoU=0.4575  {'background': 0.9385, 'line_marking': 0.2418, 'crosswalk': 0.6381, 'other': 0.0118}  (54.6s)
epoch 54/80  loss=1.1504  val_mIoU=0.4626  {'background': 0.9403, 'line_marking': 0.2416, 'crosswalk': 0.6586, 'other': 0.0097}  (54.4s)
epoch 55/80  loss=1.1430  val_mIoU=0.4617  {'background': 0.9411, 'line_marking': 0.2437, 'crosswalk': 0.6504, 'other': 0.0117}  (54.6s)
epoch 56/80  loss=1.1444  val_mIoU=0.4639  {'background': 0.9394, 'line_marking': 0.239, 'crosswalk': 0.668, 'other': 0.0093}  (54.5s)
epoch 57/80  loss=1.1451  val_mIoU=0.4616  {'background': 0.9387, 'line_marking': 0.2403, 'crosswalk': 0.6592, 'other': 0.0081}  (54.5s)
epoch 58/80  loss=1.1394  val_mIoU=0.4632  {'background': 0.9402, 'line_marking': 0.2425, 'crosswalk': 0.6599, 'other': 0.0104}  (54.5s)
epoch 59/80  loss=1.1315  val_mIoU=0.4581  {'background': 0.9391, 'line_marking': 0.244, 'crosswalk': 0.6424, 'other': 0.0068}  (54.5s)
epoch 60/80  loss=1.1235  val_mIoU=0.4655  {'background': 0.9405, 'line_marking': 0.2446, 'crosswalk': 0.6672, 'other': 0.0095}  (54.4s)
epoch 61/80  loss=1.1244  val_mIoU=0.4632  {'background': 0.9394, 'line_marking': 0.2443, 'crosswalk': 0.6587, 'other': 0.0104}  (54.4s)
epoch 62/80  loss=1.1291  val_mIoU=0.4609  {'background': 0.9387, 'line_marking': 0.2381, 'crosswalk': 0.658, 'other': 0.0086}  (54.4s)
epoch 63/80  loss=1.1250  val_mIoU=0.4642  {'background': 0.9415, 'line_marking': 0.2399, 'crosswalk': 0.6675, 'other': 0.008}  (54.5s)
epoch 64/80  loss=1.1199  val_mIoU=0.4651  {'background': 0.9437, 'line_marking': 0.2427, 'crosswalk': 0.6635, 'other': 0.0107}  (54.5s)
epoch 65/80  loss=1.1207  val_mIoU=0.4638  {'background': 0.9406, 'line_marking': 0.2423, 'crosswalk': 0.662, 'other': 0.0105}  (54.4s)
epoch 66/80  loss=1.1168  val_mIoU=0.4649  {'background': 0.9401, 'line_marking': 0.239, 'crosswalk': 0.6687, 'other': 0.012}  (54.4s)
epoch 67/80  loss=1.1190  val_mIoU=0.4661  {'background': 0.9407, 'line_marking': 0.2425, 'crosswalk': 0.6694, 'other': 0.0116}  (54.4s)
epoch 68/80  loss=1.1131  val_mIoU=0.4655  {'background': 0.9408, 'line_marking': 0.2413, 'crosswalk': 0.6694, 'other': 0.0106}  (54.3s)
epoch 69/80  loss=1.1101  val_mIoU=0.4637  {'background': 0.9408, 'line_marking': 0.2427, 'crosswalk': 0.6617, 'other': 0.0097}  (54.4s)
epoch 70/80  loss=1.1145  val_mIoU=0.4644  {'background': 0.9405, 'line_marking': 0.2426, 'crosswalk': 0.6637, 'other': 0.0107}  (54.4s)
epoch 71/80  loss=1.1112  val_mIoU=0.4646  {'background': 0.9414, 'line_marking': 0.2436, 'crosswalk': 0.6623, 'other': 0.0113}  (54.5s)
epoch 72/80  loss=1.1020  val_mIoU=0.4669  {'background': 0.9423, 'line_marking': 0.2437, 'crosswalk': 0.6687, 'other': 0.0129}  (54.5s)
epoch 73/80  loss=1.1105  val_mIoU=0.4651  {'background': 0.9411, 'line_marking': 0.2452, 'crosswalk': 0.663, 'other': 0.0109}  (54.4s)
epoch 74/80  loss=1.1091  val_mIoU=0.4660  {'background': 0.9414, 'line_marking': 0.2438, 'crosswalk': 0.6671, 'other': 0.0115}  (54.4s)
epoch 75/80  loss=1.1132  val_mIoU=0.4642  {'background': 0.9399, 'line_marking': 0.243, 'crosswalk': 0.6634, 'other': 0.0105}  (54.5s)
epoch 76/80  loss=1.1079  val_mIoU=0.4661  {'background': 0.9413, 'line_marking': 0.2459, 'crosswalk': 0.6666, 'other': 0.0108}  (54.4s)
epoch 77/80  loss=1.1103  val_mIoU=0.4657  {'background': 0.9412, 'line_marking': 0.2446, 'crosswalk': 0.6659, 'other': 0.0112}  (54.5s)
epoch 78/80  loss=1.1074  val_mIoU=0.4654  {'background': 0.9409, 'line_marking': 0.2454, 'crosswalk': 0.6638, 'other': 0.0115}  (54.5s)
epoch 79/80  loss=1.1065  val_mIoU=0.4666  {'background': 0.9416, 'line_marking': 0.2456, 'crosswalk': 0.6684, 'other': 0.0109}  (54.6s)
epoch 80/80  loss=1.1171  val_mIoU=0.4658  {'background': 0.9415, 'line_marking': 0.2446, 'crosswalk': 0.6661, 'other': 0.0111}  (54.5s)
Done. best val mIoU=0.4669. Checkpoints in checkpoints_v6
