Loading 23 scene(s): ['01', '02-003', '03-005', '03-extra', '04', '05-004', '06-005', '07-004', '08-001', '09-002', '10-003', '11-005', '12-002', '13-003', '14-004', '15-001', '16-002', '17-004', '18-003', '19-002', '20-001', '21', '22-005']
train patches: 7763, val patches: 2073
class weights: {'background': 0.20648479461669922, 'lane_line': 35.19750213623047, 'stop_line': 1777.3843994140625, 'crosswalk': 7.854703426361084, 'other': 1346.7711181640625}
epoch 1/30  loss=1.6995  val_mIoU=0.1283  {'background': 0.4979, 'lane_line': 0.0208, 'stop_line': 0.002, 'crosswalk': 0.1205, 'other': 0.0002}  (83.9s)
epoch 2/30  loss=1.4867  val_mIoU=0.1868  {'background': 0.4526, 'lane_line': 0.0161, 'stop_line': 0.0028, 'crosswalk': 0.4622, 'other': 0.0002}  (80.2s)
epoch 3/30  loss=1.3804  val_mIoU=0.1643  {'background': 0.4166, 'lane_line': 0.0153, 'stop_line': 0.0026, 'crosswalk': 0.3869, 'other': 0.0002}  (79.9s)
epoch 4/30  loss=1.3489  val_mIoU=0.1885  {'background': 0.4464, 'lane_line': 0.016, 'stop_line': 0.0026, 'crosswalk': 0.4772, 'other': 0.0002}  (79.0s)
epoch 5/30  loss=1.2647  val_mIoU=0.2204  {'background': 0.5394, 'lane_line': 0.0174, 'stop_line': 0.0024, 'crosswalk': 0.5425, 'other': 0.0002}  (79.3s)
epoch 6/30  loss=1.2390  val_mIoU=0.2040  {'background': 0.5251, 'lane_line': 0.0196, 'stop_line': 0.0032, 'crosswalk': 0.4719, 'other': 0.0001}  (79.8s)
epoch 7/30  loss=1.2021  val_mIoU=0.2421  {'background': 0.5555, 'lane_line': 0.0216, 'stop_line': 0.0027, 'crosswalk': 0.6308, 'other': 0.0001}  (81.5s)
epoch 8/30  loss=1.1661  val_mIoU=0.1965  {'background': 0.4776, 'lane_line': 0.0168, 'stop_line': 0.0035, 'crosswalk': 0.4843, 'other': 0.0002}  (82.7s)
epoch 9/30  loss=1.1588  val_mIoU=0.2367  {'background': 0.6289, 'lane_line': 0.0236, 'stop_line': 0.0029, 'crosswalk': 0.5277, 'other': 0.0002}  (80.3s)
epoch 10/30  loss=1.1152  val_mIoU=0.2361  {'background': 0.5644, 'lane_line': 0.0199, 'stop_line': 0.0033, 'crosswalk': 0.5928, 'other': 0.0001}  (78.8s)
epoch 11/30  loss=1.1164  val_mIoU=0.2317  {'background': 0.507, 'lane_line': 0.0199, 'stop_line': 0.0041, 'crosswalk': 0.6272, 'other': 0.0001}  (79.0s)
epoch 12/30  loss=1.0828  val_mIoU=0.2184  {'background': 0.5044, 'lane_line': 0.0194, 'stop_line': 0.0065, 'crosswalk': 0.5614, 'other': 0.0001}  (79.5s)
epoch 13/30  loss=1.0814  val_mIoU=0.2526  {'background': 0.5874, 'lane_line': 0.0206, 'stop_line': 0.0039, 'crosswalk': 0.6509, 'other': 0.0002}  (84.3s)
epoch 14/30  loss=1.0697  val_mIoU=0.2405  {'background': 0.5357, 'lane_line': 0.0202, 'stop_line': 0.003, 'crosswalk': 0.6432, 'other': 0.0002}  (83.3s)
epoch 15/30  loss=1.0464  val_mIoU=0.2429  {'background': 0.5399, 'lane_line': 0.0224, 'stop_line': 0.0035, 'crosswalk': 0.6488, 'other': 0.0001}  (85.1s)
epoch 16/30  loss=1.0394  val_mIoU=0.2669  {'background': 0.6764, 'lane_line': 0.0293, 'stop_line': 0.0045, 'crosswalk': 0.6244, 'other': 0.0001}  (82.0s)
epoch 17/30  loss=1.0281  val_mIoU=0.2691  {'background': 0.6626, 'lane_line': 0.0267, 'stop_line': 0.0048, 'crosswalk': 0.6511, 'other': 0.0002}  (82.6s)
epoch 18/30  loss=1.0159  val_mIoU=0.2739  {'background': 0.6639, 'lane_line': 0.0279, 'stop_line': 0.0047, 'crosswalk': 0.6728, 'other': 0.0002}  (80.4s)
epoch 19/30  loss=0.9957  val_mIoU=0.2763  {'background': 0.6727, 'lane_line': 0.0272, 'stop_line': 0.0044, 'crosswalk': 0.677, 'other': 0.0002}  (83.7s)
epoch 20/30  loss=0.9827  val_mIoU=0.2618  {'background': 0.6412, 'lane_line': 0.0264, 'stop_line': 0.0042, 'crosswalk': 0.637, 'other': 0.0002}  (84.3s)
epoch 21/30  loss=0.9883  val_mIoU=0.2507  {'background': 0.6322, 'lane_line': 0.0261, 'stop_line': 0.0049, 'crosswalk': 0.5904, 'other': 0.0002}  (82.1s)
epoch 22/30  loss=0.9722  val_mIoU=0.2636  {'background': 0.6346, 'lane_line': 0.0256, 'stop_line': 0.0046, 'crosswalk': 0.6529, 'other': 0.0002}  (79.5s)
epoch 23/30  loss=0.9537  val_mIoU=0.2850  {'background': 0.6922, 'lane_line': 0.0289, 'stop_line': 0.0061, 'crosswalk': 0.6973, 'other': 0.0002}  (81.8s)
epoch 24/30  loss=0.9505  val_mIoU=0.2718  {'background': 0.6689, 'lane_line': 0.0288, 'stop_line': 0.0045, 'crosswalk': 0.6565, 'other': 0.0002}  (83.8s)
epoch 25/30  loss=0.9447  val_mIoU=0.2687  {'background': 0.6478, 'lane_line': 0.0272, 'stop_line': 0.0045, 'crosswalk': 0.6638, 'other': 0.0002}  (84.1s)
epoch 26/30  loss=0.9411  val_mIoU=0.2770  {'background': 0.67, 'lane_line': 0.0282, 'stop_line': 0.0055, 'crosswalk': 0.6812, 'other': 0.0002}  (84.2s)
epoch 27/30  loss=0.9291  val_mIoU=0.2762  {'background': 0.6803, 'lane_line': 0.0297, 'stop_line': 0.0046, 'crosswalk': 0.6659, 'other': 0.0002}  (84.9s)
epoch 28/30  loss=0.9337  val_mIoU=0.2785  {'background': 0.6859, 'lane_line': 0.0297, 'stop_line': 0.0044, 'crosswalk': 0.672, 'other': 0.0002}  (83.0s)
epoch 29/30  loss=0.9282  val_mIoU=0.2770  {'background': 0.6749, 'lane_line': 0.0291, 'stop_line': 0.005, 'crosswalk': 0.6761, 'other': 0.0002}  (82.7s)
epoch 30/30  loss=0.9220  val_mIoU=0.2738  {'background': 0.6636, 'lane_line': 0.0287, 'stop_line': 0.0046, 'crosswalk': 0.6718, 'other': 0.0002}  (81.7s)
Done. best val mIoU=0.2850. Checkpoints in checkpoints
